#
# There is insufficient memory for the Java Runtime Environment to continue.
# Native memory allocation (malloc) failed to allocate 32744 bytes for Chunk::new
# Possible reasons:
#   The system is out of physical RAM or swap space
#   The process is running with CompressedOops enabled, and the Java Heap may be blocking the growth of the native heap
# Possible solutions:
#   Reduce memory load on the system
#   Increase physical memory or swap space
#   Check if swap backing store is full
#   Decrease Java heap size (-Xmx/-Xms)
#   Decrease number of Java threads
#   Decrease Java thread stack sizes (-Xss)
#   Set larger code cache with -XX:ReservedCodeCacheSize=
#   JVM is running with Zero Based Compressed Oops mode in which the Java heap is
#     placed in the first 32GB address space. The Java Heap base address is the
#     maximum limit for the native heap growth. Please use -XX:HeapBaseMinAddress
#     to set the Java Heap base and to place the Java Heap above 32GB virtual address.
# This output file may be truncated or incomplete.
#
#  Out of Memory Error (arena.cpp:184), pid=3064, tid=15348
#
# JRE version: OpenJDK Runtime Environment (18.0.2+9) (build 18.0.2+9-61)
# Java VM: OpenJDK 64-Bit Server VM (18.0.2+9-61, mixed mode, sharing, tiered, compressed oops, compressed class ptrs, g1 gc, windows-amd64)
# No core dump will be written. Minidumps are not enabled by default on client versions of Windows
#

---------------  S U M M A R Y ------------

Command Line: -agentlib:jdwp=transport=dt_socket,address=127.0.0.1:50892,suspend=y,server=n -javaagent:C:\Users\Administrator\AppData\Local\JetBrains\IdeaIC2022.2\captureAgent\debugger-agent.jar -Dfile.encoding=UTF-8 com.nseit.RelationPost.RelationPostApplication

Host: 11th Gen Intel(R) Core(TM) i7-1165G7 @ 2.80GHz, 8 cores, 15G,  Windows 10 , 64 bit Build 19041 (10.0.19041.1889)
Time: Fri Aug 26 16:50:12 2022 India Standard Time elapsed time: 0.993811 seconds (0d 0h 0m 0s)

---------------  T H R E A D  ---------------

Current thread (0x00000151ed3c4b10):  JavaThread "main" [_thread_in_vm, id=15348, stack(0x0000004248c00000,0x0000004248d00000)]

Stack: [0x0000004248c00000,0x0000004248d00000]
Native frames: (J=compiled Java code, j=interpreted, Vv=VM code, C=native code)
V  [jvm.dll+0x6993ca]
V  [jvm.dll+0x7f481d]
V  [jvm.dll+0x7f612e]
V  [jvm.dll+0x7f67e3]
V  [jvm.dll+0x25cdaf]
V  [jvm.dll+0xb8c2f]
V  [jvm.dll+0xb8fa5]
V  [jvm.dll+0x20abea]
V  [jvm.dll+0x209a02]
V  [jvm.dll+0x76dddd]
V  [jvm.dll+0x76f116]
V  [jvm.dll+0x76f448]
V  [jvm.dll+0x2551d6]
V  [jvm.dll+0x3a4263]
C  0x0000015180028198

Java frames: (J=compiled Java code, j=interpreted, Vv=VM code)
j  sun.reflect.annotation.AnnotationParser.parseAnnotation2(Ljava/nio/ByteBuffer;Ljdk/internal/reflect/ConstantPool;Ljava/lang/Class;Z[Ljava/lang/Class;)Ljava/lang/annotation/Annotation;+215 java.base@18.0.2
j  sun.reflect.annotation.AnnotationParser.parseAnnotations2([BLjdk/internal/reflect/ConstantPool;Ljava/lang/Class;[Ljava/lang/Class;)Ljava/util/Map;+41 java.base@18.0.2
j  sun.reflect.annotation.AnnotationParser.parseSelectAnnotations([BLjdk/internal/reflect/ConstantPool;Ljava/lang/Class;[Ljava/lang/Class;)Ljava/util/Map;+12 java.base@18.0.2
j  sun.reflect.annotation.AnnotationType.<init>(Ljava/lang/Class;)V+291 java.base@18.0.2
j  sun.reflect.annotation.AnnotationType.getInstance(Ljava/lang/Class;)Lsun/reflect/annotation/AnnotationType;+21 java.base@18.0.2
j  sun.reflect.annotation.AnnotationParser.parseAnnotation2(Ljava/nio/ByteBuffer;Ljdk/internal/reflect/ConstantPool;Ljava/lang/Class;Z[Ljava/lang/Class;)Ljava/lang/annotation/Annotation;+103 java.base@18.0.2
j  sun.reflect.annotation.AnnotationParser.parseAnnotations2([BLjdk/internal/reflect/ConstantPool;Ljava/lang/Class;[Ljava/lang/Class;)Ljava/util/Map;+41 java.base@18.0.2
j  sun.reflect.annotation.AnnotationParser.parseAnnotations([BLjdk/internal/reflect/ConstantPool;Ljava/lang/Class;)Ljava/util/Map;+12 java.base@18.0.2
j  java.lang.Class.createAnnotationData(I)Ljava/lang/Class$AnnotationData;+9 java.base@18.0.2
j  java.lang.Class.annotationData()Ljava/lang/Class$AnnotationData;+26 java.base@18.0.2
j  java.lang.Class.getDeclaredAnnotations()[Ljava/lang/annotation/Annotation;+1 java.base@18.0.2
j  org.springframework.core.annotation.AnnotationsScanner.getDeclaredAnnotations(Ljava/lang/reflect/AnnotatedElement;Z)[Ljava/lang/annotation/Annotation;+25
j  org.springframework.core.annotation.AnnotationsScanner.processClassHierarchy(Ljava/lang/Object;[ILjava/lang/Class;Lorg/springframework/core/annotation/AnnotationsProcessor;ZZ)Ljava/lang/Object;+31
j  org.springframework.core.annotation.AnnotationsScanner.processClassHierarchy(Ljava/lang/Object;[ILjava/lang/Class;Lorg/springframework/core/annotation/AnnotationsProcessor;ZZ)Ljava/lang/Object;+107
j  org.springframework.core.annotation.AnnotationsScanner.processClassHierarchy(Ljava/lang/Object;Ljava/lang/Class;Lorg/springframework/core/annotation/AnnotationsProcessor;ZZ)Ljava/lang/Object;+13
j  org.springframework.core.annotation.AnnotationsScanner.processClass(Ljava/lang/Object;Ljava/lang/Class;Lorg/springframework/core/annotation/MergedAnnotations$SearchStrategy;Lorg/springframework/core/annotation/AnnotationsProcessor;)Ljava/lang/Object;+73
j  org.springframework.core.annotation.AnnotationsScanner.process(Ljava/lang/Object;Ljava/lang/reflect/AnnotatedElement;Lorg/springframework/core/annotation/MergedAnnotations$SearchStrategy;Lorg/springframework/core/annotation/AnnotationsProcessor;)Ljava/lang/Object;+14
j  org.springframework.core.annotation.AnnotationsScanner.scan(Ljava/lang/Object;Ljava/lang/reflect/AnnotatedElement;Lorg/springframework/core/annotation/MergedAnnotations$SearchStrategy;Lorg/springframework/core/annotation/AnnotationsProcessor;)Ljava/lang/Object;+4
j  org.springframework.core.annotation.TypeMappedAnnotations.scan(Ljava/lang/Object;Lorg/springframework/core/annotation/AnnotationsProcessor;)Ljava/lang/Object;+56
j  org.springframework.core.annotation.TypeMappedAnnotations.get(Ljava/lang/Class;Ljava/util/function/Predicate;Lorg/springframework/core/annotation/MergedAnnotationSelector;)Lorg/springframework/core/annotation/MergedAnnotation;+30
j  org.springframework.core.annotation.TypeMappedAnnotations.get(Ljava/lang/Class;)Lorg/springframework/core/annotation/MergedAnnotation;+4
j  org.springframework.core.annotation.OrderUtils.findOrder(Lorg/springframework/core/annotation/MergedAnnotations;)Ljava/lang/Integer;+3
j  org.springframework.core.annotation.OrderUtils.getOrderFromAnnotations(Ljava/lang/reflect/AnnotatedElement;Lorg/springframework/core/annotation/MergedAnnotations;)Ljava/lang/Integer;+43
j  org.springframework.core.annotation.AnnotationAwareOrderComparator.findOrderFromAnnotation(Ljava/lang/Object;)Ljava/lang/Integer;+29
j  org.springframework.core.annotation.AnnotationAwareOrderComparator.findOrder(Ljava/lang/Object;)Ljava/lang/Integer;+14
j  org.springframework.core.OrderComparator.getOrder(Ljava/lang/Object;)I+6
j  org.springframework.core.OrderComparator.getOrder(Ljava/lang/Object;Lorg/springframework/core/OrderComparator$OrderSourceProvider;)I+107
j  org.springframework.core.OrderComparator.doCompare(Ljava/lang/Object;Ljava/lang/Object;Lorg/springframework/core/OrderComparator$OrderSourceProvider;)I+47
j  org.springframework.core.OrderComparator.compare(Ljava/lang/Object;Ljava/lang/Object;)I+4
j  java.util.TimSort.countRunAndMakeAscending([Ljava/lang/Object;IILjava/util/Comparator;)I+43 java.base@18.0.2
j  java.util.TimSort.sort([Ljava/lang/Object;IILjava/util/Comparator;[Ljava/lang/Object;II)V+60 java.base@18.0.2
j  java.util.Arrays.sort([Ljava/lang/Object;IILjava/util/Comparator;)V+43 java.base@18.0.2
j  java.util.ArrayList.sort(Ljava/util/Comparator;)V+15 java.base@18.0.2
j  org.springframework.core.annotation.AnnotationAwareOrderComparator.sort(Ljava/util/List;)V+14
j  org.springframework.boot.SpringApplication.getSpringFactoriesInstances(Ljava/lang/Class;[Ljava/lang/Class;[Ljava/lang/Object;)Ljava/util/Collection;+36
j  org.springframework.boot.SpringApplication.getSpringFactoriesInstances(Ljava/lang/Class;)Ljava/util/Collection;+10
j  org.springframework.boot.SpringApplication.<init>(Lorg/springframework/core/io/ResourceLoader;[Ljava/lang/Class;)V+132
j  org.springframework.boot.SpringApplication.<init>([Ljava/lang/Class;)V+3
j  org.springframework.boot.SpringApplication.run([Ljava/lang/Class;[Ljava/lang/String;)Lorg/springframework/context/ConfigurableApplicationContext;+5
j  org.springframework.boot.SpringApplication.run(Ljava/lang/Class;[Ljava/lang/String;)Lorg/springframework/context/ConfigurableApplicationContext;+9
j  com.nseit.RelationPost.RelationPostApplication.main([Ljava/lang/String;)V+3
v  ~StubRoutines::call_stub

---------------  P R O C E S S  ---------------

Threads class SMR info:
_java_thread_list=0x00000151ff332fb0, length=15, elements={
0x00000151ed3c4b10, 0x00000151fe96d0a0, 0x00000151fe9721f0, 0x00000151fe9849c0,
0x00000151fe987370, 0x00000151fe9884b0, 0x00000151fe98b1b0, 0x00000151fe98f210,
0x00000151fe990b30, 0x00000151fe9a9cc0, 0x00000151ff1b7b00, 0x00000151ff357920,
0x00000151ff2b8860, 0x00000151ff280340, 0x00000151ff2c5080
}

Java Threads: ( => current thread )
=>0x00000151ed3c4b10 JavaThread "main" [_thread_in_vm, id=15348, stack(0x0000004248c00000,0x0000004248d00000)]
  0x00000151fe96d0a0 JavaThread "Reference Handler" daemon [_thread_blocked, id=14700, stack(0x0000004249300000,0x0000004249400000)]
  0x00000151fe9721f0 JavaThread "Finalizer" daemon [_thread_blocked, id=15524, stack(0x0000004249400000,0x0000004249500000)]
  0x00000151fe9849c0 JavaThread "Signal Dispatcher" daemon [_thread_blocked, id=6080, stack(0x0000004249500000,0x0000004249600000)]
  0x00000151fe987370 JavaThread "Attach Listener" daemon [_thread_blocked, id=12504, stack(0x0000004249600000,0x0000004249700000)]
  0x00000151fe9884b0 JavaThread "Service Thread" daemon [_thread_blocked, id=1208, stack(0x0000004249700000,0x0000004249800000)]
  0x00000151fe98b1b0 JavaThread "Monitor Deflation Thread" daemon [_thread_blocked, id=5028, stack(0x0000004249800000,0x0000004249900000)]
  0x00000151fe98f210 JavaThread "C2 CompilerThread0" daemon [_thread_blocked, id=7260, stack(0x0000004249900000,0x0000004249a00000)]
  0x00000151fe990b30 JavaThread "C1 CompilerThread0" daemon [_thread_blocked, id=5980, stack(0x0000004249a00000,0x0000004249b00000)]
  0x00000151fe9a9cc0 JavaThread "Sweeper thread" daemon [_thread_blocked, id=1332, stack(0x0000004249b00000,0x0000004249c00000)]
  0x00000151ff1b7b00 JavaThread "Common-Cleaner" daemon [_thread_blocked, id=15528, stack(0x0000004249c00000,0x0000004249d00000)]
  0x00000151ff357920 JavaThread "JDWP Transport Listener: dt_socket" daemon [_thread_blocked, id=10644, stack(0x0000004249d00000,0x0000004249e00000)]
  0x00000151ff2b8860 JavaThread "JDWP Event Helper Thread" daemon [_thread_blocked, id=10000, stack(0x0000004249e00000,0x0000004249f00000)]
  0x00000151ff280340 JavaThread "JDWP Command Reader" daemon [_thread_in_native, id=2060, stack(0x0000004249f00000,0x000000424a000000)]
  0x00000151ff2c5080 JavaThread "Notification Thread" daemon [_thread_blocked, id=13220, stack(0x000000424a000000,0x000000424a100000)]

Other Threads:
  0x00000151ed451110 VMThread "VM Thread" [stack: 0x0000004249200000,0x0000004249300000] [id=3416]
  0x00000151ff2c5540 WatcherThread "VM Periodic Task Thread" [stack: 0x000000424a100000,0x000000424a200000] [id=1600]
  0x00000151ed434410 WorkerThread "GC Thread#0" [stack: 0x0000004248d00000,0x0000004248e00000] [id=10468]
  0x00000151ed444f40 ConcurrentGCThread "G1 Main Marker" [stack: 0x0000004248e00000,0x0000004248f00000] [id=8928]
  0x00000151ed4466e0 WorkerThread "G1 Conc#0" [stack: 0x0000004248f00000,0x0000004249000000] [id=12592]
  0x00000151ed45e540 ConcurrentGCThread "G1 Refine#0" [stack: 0x0000004249000000,0x0000004249100000] [id=12404]
  0x00000151fe8213d0 ConcurrentGCThread "G1 Service" [stack: 0x0000004249100000,0x0000004249200000] [id=5180]

Threads with active compile tasks:

VM state: not at safepoint (normal execution)

VM Mutex/Monitor currently owned by a thread: None

Heap address: 0x0000000704000000, size: 4032 MB, Compressed Oops mode: Zero based, Oop shift amount: 3

CDS archive(s) mapped at: [0x0000000800000000-0x0000000800ba0000-0x0000000800ba0000), size 12189696, SharedBaseAddress: 0x0000000800000000, ArchiveRelocationMode: 0.
Compressed class space mapped at: 0x0000000800c00000-0x0000000840c00000, reserved size: 1073741824
Narrow klass base: 0x0000000800000000, Narrow klass shift: 0, Narrow klass range: 0x100000000

GC Precious Log:
 CardTable entry size: 512
 Card Set container configuration: InlinePtr #cards 4 size 8 Array Of Cards #cards 16 size 48 Howl #buckets 8 coarsen threshold 3686 Howl Bitmap #cards 512 size 80 coarsen threshold 460 Card regions per heap region 1 cards per card region 4096
 CPUs: 8 total, 8 available
 Memory: 16126M
 Large Page Support: Disabled
 NUMA Support: Disabled
 Compressed Oops: Enabled (Zero based)
 Heap Region Size: 2M
 Heap Min Capacity: 8M
 Heap Initial Capacity: 252M
 Heap Max Capacity: 4032M
 Pre-touch: Disabled
 Parallel Workers: 8
 Concurrent Workers: 2
 Concurrent Refinement Workers: 8
 Periodic GC: Disabled

Heap:
 garbage-first heap   total 258048K, used 16384K [0x0000000704000000, 0x0000000800000000)
  region size 2048K, 9 young (18432K), 0 survivors (0K)
 Metaspace       used 2983K, committed 3136K, reserved 1114112K
  class space    used 287K, committed 384K, reserved 1048576K

Heap Regions: E=young(eden), S=young(survivor), O=old, HS=humongous(starts), HC=humongous(continues), CS=collection set, F=free, OA=open archive, CA=closed archive, TAMS=top-at-mark-start (previous, next)
|   0|0x0000000704000000, 0x0000000704000000, 0x0000000704200000|  0%| F|  |TAMS 0x0000000704000000, 0x0000000704000000| Untracked 
|   1|0x0000000704200000, 0x0000000704200000, 0x0000000704400000|  0%| F|  |TAMS 0x0000000704200000, 0x0000000704200000| Untracked 
|   2|0x0000000704400000, 0x0000000704400000, 0x0000000704600000|  0%| F|  |TAMS 0x0000000704400000, 0x0000000704400000| Untracked 
|   3|0x0000000704600000, 0x0000000704600000, 0x0000000704800000|  0%| F|  |TAMS 0x0000000704600000, 0x0000000704600000| Untracked 
|   4|0x0000000704800000, 0x0000000704800000, 0x0000000704a00000|  0%| F|  |TAMS 0x0000000704800000, 0x0000000704800000| Untracked 
|   5|0x0000000704a00000, 0x0000000704a00000, 0x0000000704c00000|  0%| F|  |TAMS 0x0000000704a00000, 0x0000000704a00000| Untracked 
|   6|0x0000000704c00000, 0x0000000704c00000, 0x0000000704e00000|  0%| F|  |TAMS 0x0000000704c00000, 0x0000000704c00000| Untracked 
|   7|0x0000000704e00000, 0x0000000704e00000, 0x0000000705000000|  0%| F|  |TAMS 0x0000000704e00000, 0x0000000704e00000| Untracked 
|   8|0x0000000705000000, 0x0000000705000000, 0x0000000705200000|  0%| F|  |TAMS 0x0000000705000000, 0x0000000705000000| Untracked 
|   9|0x0000000705200000, 0x0000000705200000, 0x0000000705400000|  0%| F|  |TAMS 0x0000000705200000, 0x0000000705200000| Untracked 
|  10|0x0000000705400000, 0x0000000705400000, 0x0000000705600000|  0%| F|  |TAMS 0x0000000705400000, 0x0000000705400000| Untracked 
|  11|0x0000000705600000, 0x0000000705600000, 0x0000000705800000|  0%| F|  |TAMS 0x0000000705600000, 0x0000000705600000| Untracked 
|  12|0x0000000705800000, 0x0000000705800000, 0x0000000705a00000|  0%| F|  |TAMS 0x0000000705800000, 0x0000000705800000| Untracked 
|  13|0x0000000705a00000, 0x0000000705a00000, 0x0000000705c00000|  0%| F|  |TAMS 0x0000000705a00000, 0x0000000705a00000| Untracked 
|  14|0x0000000705c00000, 0x0000000705c00000, 0x0000000705e00000|  0%| F|  |TAMS 0x0000000705c00000, 0x0000000705c00000| Untracked 
|  15|0x0000000705e00000, 0x0000000705e00000, 0x0000000706000000|  0%| F|  |TAMS 0x0000000705e00000, 0x0000000705e00000| Untracked 
|  16|0x0000000706000000, 0x0000000706000000, 0x0000000706200000|  0%| F|  |TAMS 0x0000000706000000, 0x0000000706000000| Untracked 
|  17|0x0000000706200000, 0x0000000706200000, 0x0000000706400000|  0%| F|  |TAMS 0x0000000706200000, 0x0000000706200000| Untracked 
|  18|0x0000000706400000, 0x0000000706400000, 0x0000000706600000|  0%| F|  |TAMS 0x0000000706400000, 0x0000000706400000| Untracked 
|  19|0x0000000706600000, 0x0000000706600000, 0x0000000706800000|  0%| F|  |TAMS 0x0000000706600000, 0x0000000706600000| Untracked 
|  20|0x0000000706800000, 0x0000000706800000, 0x0000000706a00000|  0%| F|  |TAMS 0x0000000706800000, 0x0000000706800000| Untracked 
|  21|0x0000000706a00000, 0x0000000706a00000, 0x0000000706c00000|  0%| F|  |TAMS 0x0000000706a00000, 0x0000000706a00000| Untracked 
|  22|0x0000000706c00000, 0x0000000706c00000, 0x0000000706e00000|  0%| F|  |TAMS 0x0000000706c00000, 0x0000000706c00000| Untracked 
|  23|0x0000000706e00000, 0x0000000706e00000, 0x0000000707000000|  0%| F|  |TAMS 0x0000000706e00000, 0x0000000706e00000| Untracked 
|  24|0x0000000707000000, 0x0000000707000000, 0x0000000707200000|  0%| F|  |TAMS 0x0000000707000000, 0x0000000707000000| Untracked 
|  25|0x0000000707200000, 0x0000000707200000, 0x0000000707400000|  0%| F|  |TAMS 0x0000000707200000, 0x0000000707200000| Untracked 
|  26|0x0000000707400000, 0x0000000707400000, 0x0000000707600000|  0%| F|  |TAMS 0x0000000707400000, 0x0000000707400000| Untracked 
|  27|0x0000000707600000, 0x0000000707600000, 0x0000000707800000|  0%| F|  |TAMS 0x0000000707600000, 0x0000000707600000| Untracked 
|  28|0x0000000707800000, 0x0000000707800000, 0x0000000707a00000|  0%| F|  |TAMS 0x0000000707800000, 0x0000000707800000| Untracked 
|  29|0x0000000707a00000, 0x0000000707a00000, 0x0000000707c00000|  0%| F|  |TAMS 0x0000000707a00000, 0x0000000707a00000| Untracked 
|  30|0x0000000707c00000, 0x0000000707c00000, 0x0000000707e00000|  0%| F|  |TAMS 0x0000000707c00000, 0x0000000707c00000| Untracked 
|  31|0x0000000707e00000, 0x0000000707e00000, 0x0000000708000000|  0%| F|  |TAMS 0x0000000707e00000, 0x0000000707e00000| Untracked 
|  32|0x0000000708000000, 0x0000000708000000, 0x0000000708200000|  0%| F|  |TAMS 0x0000000708000000, 0x0000000708000000| Untracked 
|  33|0x0000000708200000, 0x0000000708200000, 0x0000000708400000|  0%| F|  |TAMS 0x0000000708200000, 0x0000000708200000| Untracked 
|  34|0x0000000708400000, 0x0000000708400000, 0x0000000708600000|  0%| F|  |TAMS 0x0000000708400000, 0x0000000708400000| Untracked 
|  35|0x0000000708600000, 0x0000000708600000, 0x0000000708800000|  0%| F|  |TAMS 0x0000000708600000, 0x0000000708600000| Untracked 
|  36|0x0000000708800000, 0x0000000708800000, 0x0000000708a00000|  0%| F|  |TAMS 0x0000000708800000, 0x0000000708800000| Untracked 
|  37|0x0000000708a00000, 0x0000000708a00000, 0x0000000708c00000|  0%| F|  |TAMS 0x0000000708a00000, 0x0000000708a00000| Untracked 
|  38|0x0000000708c00000, 0x0000000708c00000, 0x0000000708e00000|  0%| F|  |TAMS 0x0000000708c00000, 0x0000000708c00000| Untracked 
|  39|0x0000000708e00000, 0x0000000708e00000, 0x0000000709000000|  0%| F|  |TAMS 0x0000000708e00000, 0x0000000708e00000| Untracked 
|  40|0x0000000709000000, 0x0000000709000000, 0x0000000709200000|  0%| F|  |TAMS 0x0000000709000000, 0x0000000709000000| Untracked 
|  41|0x0000000709200000, 0x0000000709200000, 0x0000000709400000|  0%| F|  |TAMS 0x0000000709200000, 0x0000000709200000| Untracked 
|  42|0x0000000709400000, 0x0000000709400000, 0x0000000709600000|  0%| F|  |TAMS 0x0000000709400000, 0x0000000709400000| Untracked 
|  43|0x0000000709600000, 0x0000000709600000, 0x0000000709800000|  0%| F|  |TAMS 0x0000000709600000, 0x0000000709600000| Untracked 
|  44|0x0000000709800000, 0x0000000709800000, 0x0000000709a00000|  0%| F|  |TAMS 0x0000000709800000, 0x0000000709800000| Untracked 
|  45|0x0000000709a00000, 0x0000000709a00000, 0x0000000709c00000|  0%| F|  |TAMS 0x0000000709a00000, 0x0000000709a00000| Untracked 
|  46|0x0000000709c00000, 0x0000000709c00000, 0x0000000709e00000|  0%| F|  |TAMS 0x0000000709c00000, 0x0000000709c00000| Untracked 
|  47|0x0000000709e00000, 0x0000000709e00000, 0x000000070a000000|  0%| F|  |TAMS 0x0000000709e00000, 0x0000000709e00000| Untracked 
|  48|0x000000070a000000, 0x000000070a000000, 0x000000070a200000|  0%| F|  |TAMS 0x000000070a000000, 0x000000070a000000| Untracked 
|  49|0x000000070a200000, 0x000000070a200000, 0x000000070a400000|  0%| F|  |TAMS 0x000000070a200000, 0x000000070a200000| Untracked 
|  50|0x000000070a400000, 0x000000070a400000, 0x000000070a600000|  0%| F|  |TAMS 0x000000070a400000, 0x000000070a400000| Untracked 
|  51|0x000000070a600000, 0x000000070a600000, 0x000000070a800000|  0%| F|  |TAMS 0x000000070a600000, 0x000000070a600000| Untracked 
|  52|0x000000070a800000, 0x000000070a800000, 0x000000070aa00000|  0%| F|  |TAMS 0x000000070a800000, 0x000000070a800000| Untracked 
|  53|0x000000070aa00000, 0x000000070aa00000, 0x000000070ac00000|  0%| F|  |TAMS 0x000000070aa00000, 0x000000070aa00000| Untracked 
|  54|0x000000070ac00000, 0x000000070ac00000, 0x000000070ae00000|  0%| F|  |TAMS 0x000000070ac00000, 0x000000070ac00000| Untracked 
|  55|0x000000070ae00000, 0x000000070ae00000, 0x000000070b000000|  0%| F|  |TAMS 0x000000070ae00000, 0x000000070ae00000| Untracked 
|  56|0x000000070b000000, 0x000000070b000000, 0x000000070b200000|  0%| F|  |TAMS 0x000000070b000000, 0x000000070b000000| Untracked 
|  57|0x000000070b200000, 0x000000070b200000, 0x000000070b400000|  0%| F|  |TAMS 0x000000070b200000, 0x000000070b200000| Untracked 
|  58|0x000000070b400000, 0x000000070b400000, 0x000000070b600000|  0%| F|  |TAMS 0x000000070b400000, 0x000000070b400000| Untracked 
|  59|0x000000070b600000, 0x000000070b600000, 0x000000070b800000|  0%| F|  |TAMS 0x000000070b600000, 0x000000070b600000| Untracked 
|  60|0x000000070b800000, 0x000000070b800000, 0x000000070ba00000|  0%| F|  |TAMS 0x000000070b800000, 0x000000070b800000| Untracked 
|  61|0x000000070ba00000, 0x000000070ba00000, 0x000000070bc00000|  0%| F|  |TAMS 0x000000070ba00000, 0x000000070ba00000| Untracked 
|  62|0x000000070bc00000, 0x000000070bc00000, 0x000000070be00000|  0%| F|  |TAMS 0x000000070bc00000, 0x000000070bc00000| Untracked 
|  63|0x000000070be00000, 0x000000070be00000, 0x000000070c000000|  0%| F|  |TAMS 0x000000070be00000, 0x000000070be00000| Untracked 
|  64|0x000000070c000000, 0x000000070c000000, 0x000000070c200000|  0%| F|  |TAMS 0x000000070c000000, 0x000000070c000000| Untracked 
|  65|0x000000070c200000, 0x000000070c200000, 0x000000070c400000|  0%| F|  |TAMS 0x000000070c200000, 0x000000070c200000| Untracked 
|  66|0x000000070c400000, 0x000000070c400000, 0x000000070c600000|  0%| F|  |TAMS 0x000000070c400000, 0x000000070c400000| Untracked 
|  67|0x000000070c600000, 0x000000070c600000, 0x000000070c800000|  0%| F|  |TAMS 0x000000070c600000, 0x000000070c600000| Untracked 
|  68|0x000000070c800000, 0x000000070c800000, 0x000000070ca00000|  0%| F|  |TAMS 0x000000070c800000, 0x000000070c800000| Untracked 
|  69|0x000000070ca00000, 0x000000070ca00000, 0x000000070cc00000|  0%| F|  |TAMS 0x000000070ca00000, 0x000000070ca00000| Untracked 
|  70|0x000000070cc00000, 0x000000070cc00000, 0x000000070ce00000|  0%| F|  |TAMS 0x000000070cc00000, 0x000000070cc00000| Untracked 
|  71|0x000000070ce00000, 0x000000070ce00000, 0x000000070d000000|  0%| F|  |TAMS 0x000000070ce00000, 0x000000070ce00000| Untracked 
|  72|0x000000070d000000, 0x000000070d000000, 0x000000070d200000|  0%| F|  |TAMS 0x000000070d000000, 0x000000070d000000| Untracked 
|  73|0x000000070d200000, 0x000000070d200000, 0x000000070d400000|  0%| F|  |TAMS 0x000000070d200000, 0x000000070d200000| Untracked 
|  74|0x000000070d400000, 0x000000070d400000, 0x000000070d600000|  0%| F|  |TAMS 0x000000070d400000, 0x000000070d400000| Untracked 
|  75|0x000000070d600000, 0x000000070d600000, 0x000000070d800000|  0%| F|  |TAMS 0x000000070d600000, 0x000000070d600000| Untracked 
|  76|0x000000070d800000, 0x000000070d800000, 0x000000070da00000|  0%| F|  |TAMS 0x000000070d800000, 0x000000070d800000| Untracked 
|  77|0x000000070da00000, 0x000000070da00000, 0x000000070dc00000|  0%| F|  |TAMS 0x000000070da00000, 0x000000070da00000| Untracked 
|  78|0x000000070dc00000, 0x000000070dc00000, 0x000000070de00000|  0%| F|  |TAMS 0x000000070dc00000, 0x000000070dc00000| Untracked 
|  79|0x000000070de00000, 0x000000070de00000, 0x000000070e000000|  0%| F|  |TAMS 0x000000070de00000, 0x000000070de00000| Untracked 
|  80|0x000000070e000000, 0x000000070e000000, 0x000000070e200000|  0%| F|  |TAMS 0x000000070e000000, 0x000000070e000000| Untracked 
|  81|0x000000070e200000, 0x000000070e200000, 0x000000070e400000|  0%| F|  |TAMS 0x000000070e200000, 0x000000070e200000| Untracked 
|  82|0x000000070e400000, 0x000000070e400000, 0x000000070e600000|  0%| F|  |TAMS 0x000000070e400000, 0x000000070e400000| Untracked 
|  83|0x000000070e600000, 0x000000070e600000, 0x000000070e800000|  0%| F|  |TAMS 0x000000070e600000, 0x000000070e600000| Untracked 
|  84|0x000000070e800000, 0x000000070e800000, 0x000000070ea00000|  0%| F|  |TAMS 0x000000070e800000, 0x000000070e800000| Untracked 
|  85|0x000000070ea00000, 0x000000070ea00000, 0x000000070ec00000|  0%| F|  |TAMS 0x000000070ea00000, 0x000000070ea00000| Untracked 
|  86|0x000000070ec00000, 0x000000070ec00000, 0x000000070ee00000|  0%| F|  |TAMS 0x000000070ec00000, 0x000000070ec00000| Untracked 
|  87|0x000000070ee00000, 0x000000070ee00000, 0x000000070f000000|  0%| F|  |TAMS 0x000000070ee00000, 0x000000070ee00000| Untracked 
|  88|0x000000070f000000, 0x000000070f000000, 0x000000070f200000|  0%| F|  |TAMS 0x000000070f000000, 0x000000070f000000| Untracked 
|  89|0x000000070f200000, 0x000000070f200000, 0x000000070f400000|  0%| F|  |TAMS 0x000000070f200000, 0x000000070f200000| Untracked 
|  90|0x000000070f400000, 0x000000070f400000, 0x000000070f600000|  0%| F|  |TAMS 0x000000070f400000, 0x000000070f400000| Untracked 
|  91|0x000000070f600000, 0x000000070f600000, 0x000000070f800000|  0%| F|  |TAMS 0x000000070f600000, 0x000000070f600000| Untracked 
|  92|0x000000070f800000, 0x000000070f800000, 0x000000070fa00000|  0%| F|  |TAMS 0x000000070f800000, 0x000000070f800000| Untracked 
|  93|0x000000070fa00000, 0x000000070fa00000, 0x000000070fc00000|  0%| F|  |TAMS 0x000000070fa00000, 0x000000070fa00000| Untracked 
|  94|0x000000070fc00000, 0x000000070fc00000, 0x000000070fe00000|  0%| F|  |TAMS 0x000000070fc00000, 0x000000070fc00000| Untracked 
|  95|0x000000070fe00000, 0x000000070fe00000, 0x0000000710000000|  0%| F|  |TAMS 0x000000070fe00000, 0x000000070fe00000| Untracked 
|  96|0x0000000710000000, 0x0000000710000000, 0x0000000710200000|  0%| F|  |TAMS 0x0000000710000000, 0x0000000710000000| Untracked 
|  97|0x0000000710200000, 0x0000000710200000, 0x0000000710400000|  0%| F|  |TAMS 0x0000000710200000, 0x0000000710200000| Untracked 
|  98|0x0000000710400000, 0x0000000710400000, 0x0000000710600000|  0%| F|  |TAMS 0x0000000710400000, 0x0000000710400000| Untracked 
|  99|0x0000000710600000, 0x0000000710600000, 0x0000000710800000|  0%| F|  |TAMS 0x0000000710600000, 0x0000000710600000| Untracked 
| 100|0x0000000710800000, 0x0000000710800000, 0x0000000710a00000|  0%| F|  |TAMS 0x0000000710800000, 0x0000000710800000| Untracked 
| 101|0x0000000710a00000, 0x0000000710a00000, 0x0000000710c00000|  0%| F|  |TAMS 0x0000000710a00000, 0x0000000710a00000| Untracked 
| 102|0x0000000710c00000, 0x0000000710c00000, 0x0000000710e00000|  0%| F|  |TAMS 0x0000000710c00000, 0x0000000710c00000| Untracked 
| 103|0x0000000710e00000, 0x0000000710e00000, 0x0000000711000000|  0%| F|  |TAMS 0x0000000710e00000, 0x0000000710e00000| Untracked 
| 104|0x0000000711000000, 0x0000000711000000, 0x0000000711200000|  0%| F|  |TAMS 0x0000000711000000, 0x0000000711000000| Untracked 
| 105|0x0000000711200000, 0x0000000711200000, 0x0000000711400000|  0%| F|  |TAMS 0x0000000711200000, 0x0000000711200000| Untracked 
| 106|0x0000000711400000, 0x0000000711400000, 0x0000000711600000|  0%| F|  |TAMS 0x0000000711400000, 0x0000000711400000| Untracked 
| 107|0x0000000711600000, 0x0000000711600000, 0x0000000711800000|  0%| F|  |TAMS 0x0000000711600000, 0x0000000711600000| Untracked 
| 108|0x0000000711800000, 0x0000000711800000, 0x0000000711a00000|  0%| F|  |TAMS 0x0000000711800000, 0x0000000711800000| Untracked 
| 109|0x0000000711a00000, 0x0000000711a00000, 0x0000000711c00000|  0%| F|  |TAMS 0x0000000711a00000, 0x0000000711a00000| Untracked 
| 110|0x0000000711c00000, 0x0000000711c00000, 0x0000000711e00000|  0%| F|  |TAMS 0x0000000711c00000, 0x0000000711c00000| Untracked 
| 111|0x0000000711e00000, 0x0000000711e00000, 0x0000000712000000|  0%| F|  |TAMS 0x0000000711e00000, 0x0000000711e00000| Untracked 
| 112|0x0000000712000000, 0x0000000712000000, 0x0000000712200000|  0%| F|  |TAMS 0x0000000712000000, 0x0000000712000000| Untracked 
| 113|0x0000000712200000, 0x0000000712200000, 0x0000000712400000|  0%| F|  |TAMS 0x0000000712200000, 0x0000000712200000| Untracked 
| 114|0x0000000712400000, 0x0000000712400000, 0x0000000712600000|  0%| F|  |TAMS 0x0000000712400000, 0x0000000712400000| Untracked 
| 115|0x0000000712600000, 0x0000000712600000, 0x0000000712800000|  0%| F|  |TAMS 0x0000000712600000, 0x0000000712600000| Untracked 
| 116|0x0000000712800000, 0x0000000712800000, 0x0000000712a00000|  0%| F|  |TAMS 0x0000000712800000, 0x0000000712800000| Untracked 
| 117|0x0000000712a00000, 0x0000000712a741c0, 0x0000000712c00000| 22%| E|  |TAMS 0x0000000712a00000, 0x0000000712a00000| Complete 
| 118|0x0000000712c00000, 0x0000000712e00000, 0x0000000712e00000|100%| E|CS|TAMS 0x0000000712c00000, 0x0000000712c00000| Complete 
| 119|0x0000000712e00000, 0x0000000713000000, 0x0000000713000000|100%| E|CS|TAMS 0x0000000712e00000, 0x0000000712e00000| Complete 
| 120|0x0000000713000000, 0x0000000713200000, 0x0000000713200000|100%| E|CS|TAMS 0x0000000713000000, 0x0000000713000000| Complete 
| 121|0x0000000713200000, 0x0000000713400000, 0x0000000713400000|100%| E|CS|TAMS 0x0000000713200000, 0x0000000713200000| Complete 
| 122|0x0000000713400000, 0x0000000713600000, 0x0000000713600000|100%| E|CS|TAMS 0x0000000713400000, 0x0000000713400000| Complete 
| 123|0x0000000713600000, 0x0000000713800000, 0x0000000713800000|100%| E|CS|TAMS 0x0000000713600000, 0x0000000713600000| Complete 
| 124|0x0000000713800000, 0x0000000713a00000, 0x0000000713a00000|100%| E|CS|TAMS 0x0000000713800000, 0x0000000713800000| Complete 
| 125|0x0000000713a00000, 0x0000000713c00000, 0x0000000713c00000|100%| E|CS|TAMS 0x0000000713a00000, 0x0000000713a00000| Complete 

Card table byte_map: [0x00000151f57e0000,0x00000151f5fc0000] _byte_map_base: 0x00000151f1fc0000

Marking Bits (Prev, Next): (CMBitMap*) 0x00000151ed434a10, (CMBitMap*) 0x00000151ed434a50
 Prev Bits: [0x00000151f67a0000, 0x00000151fa6a0000)
 Next Bits: [0x00000151fa6a0000, 0x00000151fe5a0000)

Polling page: 0x00000151ecb60000

Metaspace:

Usage:
  Non-class:      2.63 MB used.
      Class:    287.17 KB used.
       Both:      2.91 MB used.

Virtual space:
  Non-class space:       64.00 MB reserved,       2.69 MB (  4%) committed,  1 nodes.
      Class space:        1.00 GB reserved,     384.00 KB ( <1%) committed,  1 nodes.
             Both:        1.06 GB reserved,       3.06 MB ( <1%) committed. 

Chunk freelists:
   Non-Class:  2.89 MB
       Class:  3.59 MB
        Both:  6.48 MB

MaxMetaspaceSize: unlimited
CompressedClassSpaceSize: 1.00 GB
Initial GC threshold: 21.00 MB
Current GC threshold: 21.00 MB
CDS: on
MetaspaceReclaimPolicy: balanced
 - commit_granule_bytes: 65536.
 - commit_granule_words: 8192.
 - virtual_space_node_default_size: 8388608.
 - enlarge_chunks_in_place: 1.
 - new_chunks_are_fully_committed: 0.
 - uncommit_free_chunks: 1.
 - use_allocation_guard: 0.


Internal statistics:

num_allocs_failed_limit: 0.
num_arena_births: 38.
num_arena_deaths: 0.
num_vsnodes_births: 2.
num_vsnodes_deaths: 0.
num_space_committed: 49.
num_space_uncommitted: 0.
num_chunks_returned_to_freelist: 0.
num_chunks_taken_from_freelist: 98.
num_chunk_merges: 0.
num_chunk_splits: 64.
num_chunks_enlarged: 51.
num_inconsistent_stats: 0.

CodeHeap 'non-profiled nmethods': size=120000Kb used=248Kb max_used=248Kb free=119751Kb
 bounds [0x0000015187ad0000, 0x0000015187d40000, 0x000001518f000000]
CodeHeap 'profiled nmethods': size=120000Kb used=1344Kb max_used=1344Kb free=118655Kb
 bounds [0x00000151805a0000, 0x0000015180810000, 0x0000015187ad0000]
CodeHeap 'non-nmethods': size=5760Kb used=1228Kb max_used=1243Kb free=4531Kb
 bounds [0x0000015180000000, 0x0000015180270000, 0x00000151805a0000]
 total_blobs=1151 nmethods=726 adapters=338
 compilation: enabled
              stopped_count=0, restarted_count=0
 full_count=0

Compilation events (20 events):
Event: 0.971 Thread 0x00000151fe98f210 nmethod 643 0x0000015187b0c590 code [0x0000015187b0c740, 0x0000015187b0c8d0]
Event: 0.971 Thread 0x00000151fe990b30 nmethod 714 0x00000151806d3090 code [0x00000151806d3240, 0x00000151806d3538]
Event: 0.972 Thread 0x00000151fe990b30  715   !   3       java.util.zip.Inflater::needsInput (55 bytes)
Event: 0.972 Thread 0x00000151fe990b30 nmethod 715 0x00000151806d3610 code [0x00000151806d37c0, 0x00000151806d3b98]
Event: 0.973 Thread 0x00000151fe990b30  716       3       java.lang.invoke.MethodType::checkPtypes (76 bytes)
Event: 0.973 Thread 0x00000151fe990b30 nmethod 716 0x00000151806d3d10 code [0x00000151806d3fa0, 0x00000151806d4968]
Event: 0.973 Thread 0x00000151fe990b30  717       3       java.lang.invoke.MethodHandle::<init> (37 bytes)
Event: 0.974 Thread 0x00000151fe990b30 nmethod 717 0x00000151806d4d90 code [0x00000151806d4fa0, 0x00000151806d5558]
Event: 0.974 Thread 0x00000151fe990b30  718       3       java.lang.invoke.LambdaForm::prepare (112 bytes)
Event: 0.974 Thread 0x00000151fe990b30 nmethod 718 0x00000151806d5810 code [0x00000151806d5a40, 0x00000151806d62d8]
Event: 0.977 Thread 0x00000151fe990b30  720       1       java.util.concurrent.CopyOnWriteArrayList::setArray (6 bytes)
Event: 0.977 Thread 0x00000151fe990b30 nmethod 720 0x0000015187b0cf10 code [0x0000015187b0d0a0, 0x0000015187b0d1b8]
Event: 0.978 Thread 0x00000151fe990b30  721       3       java.net.URLStreamHandler::parseURL (1124 bytes)
Event: 0.983 Thread 0x00000151fe98f210  724       4       java.lang.AbstractStringBuilder::newCapacity (59 bytes)
Event: 0.984 Thread 0x00000151fe98f210 nmethod 724 0x0000015187b0d210 code [0x0000015187b0d380, 0x0000015187b0d498]
Event: 0.984 Thread 0x00000151fe98f210  725       4       java.lang.Math::min (11 bytes)
Event: 0.985 Thread 0x00000151fe98f210 nmethod 725 0x0000015187b0d590 code [0x0000015187b0d700, 0x0000015187b0d758]
Event: 0.986 Thread 0x00000151fe98f210  726       4       jdk.internal.util.Preconditions::checkFromIndexSize (25 bytes)
Event: 0.986 Thread 0x00000151fe98f210 nmethod 726 0x0000015187b0d890 code [0x0000015187b0da00, 0x0000015187b0dab8]
Event: 0.987 Thread 0x00000151fe98f210  727 %     4       java.lang.StringLatin1::inflate @ 3 (34 bytes)

GC Heap History (0 events):
No events

Deoptimization events (20 events):
Event: 0.944 Thread 0x00000151ed3c4b10 Uncommon trap: trap_request=0xffffffde fr.pc=0x0000015187afda60 relative=0x0000000000000320
Event: 0.944 Thread 0x00000151ed3c4b10 Uncommon trap: reason=class_check action=maybe_recompile pc=0x0000015187afda60 method=java.util.HashMap.getNode(Ljava/lang/Object;)Ljava/util/HashMap$Node; @ 63 c2
Event: 0.944 Thread 0x00000151ed3c4b10 DEOPT PACKING pc=0x0000015187afda60 sp=0x0000004248cfe630
Event: 0.944 Thread 0x00000151ed3c4b10 DEOPT UNPACKING pc=0x0000015180055c23 sp=0x0000004248cfe5c8 mode 2
Event: 0.964 Thread 0x00000151ed3c4b10 DEOPT PACKING pc=0x00000151806adbc1 sp=0x0000004248cfcb90
Event: 0.964 Thread 0x00000151ed3c4b10 DEOPT UNPACKING pc=0x0000015180056763 sp=0x0000004248cfbfe8 mode 1
Event: 0.964 Thread 0x00000151ed3c4b10 DEOPT PACKING pc=0x00000151806acf5c sp=0x0000004248cfcc20
Event: 0.964 Thread 0x00000151ed3c4b10 DEOPT UNPACKING pc=0x0000015180056763 sp=0x0000004248cfc0d8 mode 1
Event: 0.964 Thread 0x00000151ed3c4b10 DEOPT PACKING pc=0x00000151806adbc1 sp=0x0000004248cfcb90
Event: 0.964 Thread 0x00000151ed3c4b10 DEOPT UNPACKING pc=0x0000015180056763 sp=0x0000004248cfbfe8 mode 1
Event: 0.964 Thread 0x00000151ed3c4b10 DEOPT PACKING pc=0x00000151806acf5c sp=0x0000004248cfcc20
Event: 0.964 Thread 0x00000151ed3c4b10 DEOPT UNPACKING pc=0x0000015180056763 sp=0x0000004248cfc0d8 mode 1
Event: 0.965 Thread 0x00000151ed3c4b10 DEOPT PACKING pc=0x00000151806adbc1 sp=0x0000004248cfcb20
Event: 0.965 Thread 0x00000151ed3c4b10 DEOPT UNPACKING pc=0x0000015180056763 sp=0x0000004248cfbf78 mode 1
Event: 0.965 Thread 0x00000151ed3c4b10 DEOPT PACKING pc=0x00000151806acf5c sp=0x0000004248cfcbb0
Event: 0.965 Thread 0x00000151ed3c4b10 DEOPT UNPACKING pc=0x0000015180056763 sp=0x0000004248cfc068 mode 1
Event: 0.965 Thread 0x00000151ed3c4b10 DEOPT PACKING pc=0x00000151806adbc1 sp=0x0000004248cfcb20
Event: 0.965 Thread 0x00000151ed3c4b10 DEOPT UNPACKING pc=0x0000015180056763 sp=0x0000004248cfbf78 mode 1
Event: 0.965 Thread 0x00000151ed3c4b10 DEOPT PACKING pc=0x00000151806acf5c sp=0x0000004248cfcbb0
Event: 0.965 Thread 0x00000151ed3c4b10 DEOPT UNPACKING pc=0x0000015180056763 sp=0x0000004248cfc068 mode 1

Classes loaded (20 events):
Event: 0.989 Loading class sun/reflect/generics/visitor/TypeTreeVisitor
Event: 0.989 Loading class sun/reflect/generics/visitor/TypeTreeVisitor done
Event: 0.989 Loading class sun/reflect/generics/visitor/Reifier done
Event: 0.989 Loading class java/lang/FunctionalInterface
Event: 0.989 Loading class java/lang/FunctionalInterface done
Event: 0.989 Loading class java/lang/reflect/GenericArrayType
Event: 0.989 Loading class java/lang/reflect/GenericArrayType done
Event: 0.989 Loading class sun/reflect/annotation/AnnotationType
Event: 0.990 Loading class sun/reflect/annotation/AnnotationType done
Event: 0.990 Loading class sun/reflect/annotation/AnnotationType$1
Event: 0.990 Loading class sun/reflect/annotation/AnnotationType$1 done
Event: 0.990 Loading class java/lang/annotation/Retention
Event: 0.990 Loading class java/lang/annotation/Retention done
Event: 0.990 Loading class java/lang/annotation/Inherited
Event: 0.990 Loading class java/lang/annotation/Inherited done
Event: 0.990 Loading class java/lang/annotation/Documented
Event: 0.990 Loading class java/lang/annotation/Documented done
Event: 0.990 Loading class java/lang/annotation/RetentionPolicy
Event: 0.990 Loading class java/lang/annotation/RetentionPolicy done
Event: 0.990 Loading class sun/reflect/annotation/AnnotationTypeMismatchExceptionProxy

Classes unloaded (0 events):
No events

Classes redefined (0 events):
No events

Internal exceptions (6 events):
Event: 0.533 Thread 0x00000151ed3c4b10 Exception <a 'java/lang/NoSuchMethodError'{0x00000007138221e8}: 'void java.lang.invoke.DirectMethodHandle$Holder.invokeStatic(java.lang.Object, java.lang.Object, java.lang.Object)'> (0x00000007138221e8) 
thrown [s\open\src\hotspot\share\interpreter\linkResolver.cpp, line 759]
Event: 0.539 Thread 0x00000151ed3c4b10 Exception <a 'java/lang/NoSuchMethodError'{0x000000071383af00}: 'java.lang.Object java.lang.invoke.Invokers$Holder.invokeExact_MT(java.lang.Object, java.lang.Object, java.lang.Object, java.lang.Object, java.lang.Object)'> (0x000000071383af00) 
thrown [s\open\src\hotspot\share\interpreter\linkResolver.cpp, line 759]
Event: 0.814 Thread 0x00000151ed3c4b10 Exception <a 'java/lang/ClassNotFoundException'{0x0000000713022c38}: javax/smartcardio/CardPermission> (0x0000000713022c38) 
thrown [s\open\src\hotspot\share\classfile\systemDictionary.cpp, line 255]
Event: 0.818 Thread 0x00000151ed3c4b10 Exception <a 'java/io/FileNotFoundException'{0x0000000713033318}> (0x0000000713033318) 
thrown [s\open\src\hotspot\share\prims\jni.cpp, line 516]
Event: 0.949 Thread 0x00000151ed3c4b10 Exception <a 'java/lang/NoSuchMethodError'{0x0000000712cbb420}: 'java.lang.Object java.lang.invoke.DirectMethodHandle$Holder.invokeSpecialIFC(java.lang.Object, java.lang.Object, java.lang.Object, java.lang.Object)'> (0x0000000712cbb420) 
thrown [s\open\src\hotspot\share\interpreter\linkResolver.cpp, line 759]
Event: 0.969 Thread 0x00000151ed3c4b10 Exception <a 'java/lang/NoSuchMethodError'{0x0000000712d80020}: 'int java.lang.invoke.DirectMethodHandle$Holder.invokeStaticInit(java.lang.Object, java.lang.Object)'> (0x0000000712d80020) 
thrown [s\open\src\hotspot\share\interpreter\linkResolver.cpp, line 759]

VM Operations (12 events):
Event: 0.115 Executing VM operation: HandshakeAllThreads
Event: 0.115 Executing VM operation: HandshakeAllThreads done
Event: 0.141 Executing VM operation: ChangeBreakpoints
Event: 0.141 Executing VM operation: ChangeBreakpoints done
Event: 0.528 Executing VM operation: ChangeBreakpoints
Event: 0.528 Executing VM operation: ChangeBreakpoints done
Event: 0.529 Executing VM operation: ChangeBreakpoints
Event: 0.529 Executing VM operation: ChangeBreakpoints done
Event: 0.918 Executing VM operation: HandshakeAllThreads
Event: 0.918 Executing VM operation: HandshakeAllThreads done
Event: 0.935 Executing VM operation: HandshakeAllThreads
Event: 0.935 Executing VM operation: HandshakeAllThreads done

Events (20 events):
Event: 0.040 Thread 0x00000151fe96d0a0 Thread added: 0x00000151fe96d0a0
Event: 0.040 Thread 0x00000151fe9721f0 Thread added: 0x00000151fe9721f0
Event: 0.052 Thread 0x00000151fe9849c0 Thread added: 0x00000151fe9849c0
Event: 0.052 Thread 0x00000151fe987370 Thread added: 0x00000151fe987370
Event: 0.053 Thread 0x00000151fe9884b0 Thread added: 0x00000151fe9884b0
Event: 0.053 Thread 0x00000151fe98b1b0 Thread added: 0x00000151fe98b1b0
Event: 0.053 Thread 0x00000151fe98f210 Thread added: 0x00000151fe98f210
Event: 0.053 Thread 0x00000151fe990b30 Thread added: 0x00000151fe990b30
Event: 0.053 Thread 0x00000151fe9a9cc0 Thread added: 0x00000151fe9a9cc0
Event: 0.108 Thread 0x00000151ff1b7b00 Thread added: 0x00000151ff1b7b00
Event: 0.140 Thread 0x00000151ff357920 Thread added: 0x00000151ff357920
Event: 0.141 Thread 0x00000151ff2b8860 Thread added: 0x00000151ff2b8860
Event: 0.141 Thread 0x00000151ff280340 Thread added: 0x00000151ff280340
Event: 0.532 Loaded shared library C:\Users\Administrator\.jdks\openjdk-18.0.2\bin\instrument.dll
Event: 0.546 Thread 0x00000151ff2c5080 Thread added: 0x00000151ff2c5080
Event: 0.576 Loaded shared library C:\Users\Administrator\.jdks\openjdk-18.0.2\bin\net.dll
Event: 0.578 Loaded shared library C:\Users\Administrator\.jdks\openjdk-18.0.2\bin\nio.dll
Event: 0.588 Loaded shared library C:\Users\Administrator\.jdks\openjdk-18.0.2\bin\zip.dll
Event: 0.750 Loaded shared library C:\Users\Administrator\.jdks\openjdk-18.0.2\bin\verify.dll
Event: 0.759 Loaded shared library C:\Users\Administrator\.jdks\openjdk-18.0.2\bin\jimage.dll


Dynamic libraries:
0x00007ff7f3270000 - 0x00007ff7f327e000 	C:\Users\Administrator\.jdks\openjdk-18.0.2\bin\java.exe
0x00007ffca7a70000 - 0x00007ffca7c68000 	C:\Windows\SYSTEM32\ntdll.dll
0x00007ffca6220000 - 0x00007ffca62dd000 	C:\Windows\System32\KERNEL32.DLL
0x00007ffca5190000 - 0x00007ffca545e000 	C:\Windows\System32\KERNELBASE.dll
0x00007ffca55f0000 - 0x00007ffca56f0000 	C:\Windows\System32\ucrtbase.dll
0x00007ffc99670000 - 0x00007ffc99687000 	C:\Users\Administrator\.jdks\openjdk-18.0.2\bin\jli.dll
0x00007ffc9c940000 - 0x00007ffc9c95a000 	C:\Users\Administrator\.jdks\openjdk-18.0.2\bin\VCRUNTIME140.dll
0x00007ffca5d20000 - 0x00007ffca5ec0000 	C:\Windows\System32\USER32.dll
0x00007ffca5460000 - 0x00007ffca5482000 	C:\Windows\System32\win32u.dll
0x00007ffc906b0000 - 0x00007ffc9094a000 	C:\Windows\WinSxS\amd64_microsoft.windows.common-controls_6595b64144ccf1df_6.0.19041.1110_none_60b5254171f9507e\COMCTL32.dll
0x00007ffca6f20000 - 0x00007ffca6fbe000 	C:\Windows\System32\msvcrt.dll
0x00007ffca7a00000 - 0x00007ffca7a2a000 	C:\Windows\System32\GDI32.dll
0x00007ffca5490000 - 0x00007ffca559b000 	C:\Windows\System32\gdi32full.dll
0x00007ffca59c0000 - 0x00007ffca5a5d000 	C:\Windows\System32\msvcp_win.dll
0x00007ffca6b50000 - 0x00007ffca6b80000 	C:\Windows\System32\IMM32.DLL
0x00000151ec960000 - 0x00000151ec974000 	C:\Windows\System32\umppc15610.dll
0x0000000068000000 - 0x0000000068071000 	C:\Windows\System32\QIPCAP64.dll
0x00007ffca6970000 - 0x00007ffca6a1e000 	C:\Windows\System32\ADVAPI32.dll
0x00007ffca6e80000 - 0x00007ffca6f1c000 	C:\Windows\System32\sechost.dll
0x00007ffca78d0000 - 0x00007ffca79f5000 	C:\Windows\System32\RPCRT4.dll
0x00007ffca7180000 - 0x00007ffca78c4000 	C:\Windows\System32\SHELL32.dll
0x00007ffca4630000 - 0x00007ffca46fa000 	C:\Windows\SYSTEM32\DNSAPI.dll
0x00007ffca45f0000 - 0x00007ffca462b000 	C:\Windows\SYSTEM32\IPHLPAPI.DLL
0x00007ffca7020000 - 0x00007ffca7028000 	C:\Windows\System32\NSI.dll
0x00007ffc9cbb0000 - 0x00007ffc9cbbc000 	C:\Users\Administrator\.jdks\openjdk-18.0.2\bin\vcruntime140_1.dll
0x00007ffc85b30000 - 0x00007ffc85bbd000 	C:\Users\Administrator\.jdks\openjdk-18.0.2\bin\msvcp140.dll
0x00007ffc28530000 - 0x00007ffc29141000 	C:\Users\Administrator\.jdks\openjdk-18.0.2\bin\server\jvm.dll
0x00000151ecae0000 - 0x00000151ecae8000 	C:\Windows\System32\PSAPI.DLL
0x00007ffc9fa50000 - 0x00007ffc9fa59000 	C:\Windows\SYSTEM32\WSOCK32.dll
0x00000151ecaf0000 - 0x00000151ecb5b000 	C:\Windows\System32\WS2_32.dll
0x00007ffc79420000 - 0x00007ffc79447000 	C:\Windows\SYSTEM32\WINMM.dll
0x00007ffc9a360000 - 0x00007ffc9a36a000 	C:\Windows\SYSTEM32\VERSION.dll
0x00007ffca3a20000 - 0x00007ffca3a32000 	C:\Windows\SYSTEM32\kernel.appcore.dll
0x00007ffc9a010000 - 0x00007ffc9a01a000 	C:\Users\Administrator\.jdks\openjdk-18.0.2\bin\jimage.dll
0x00007ffca2df0000 - 0x00007ffca2fd4000 	C:\Windows\SYSTEM32\DBGHELP.DLL
0x00007ffc89e70000 - 0x00007ffc89e9c000 	C:\Windows\SYSTEM32\dbgcore.DLL
0x00007ffca5930000 - 0x00007ffca59b2000 	C:\Windows\System32\bcryptPrimitives.dll
0x00007ffc90be0000 - 0x00007ffc90c1b000 	C:\Users\Administrator\.jdks\openjdk-18.0.2\bin\jdwp.dll
0x00007ffc99660000 - 0x00007ffc9966e000 	C:\Users\Administrator\.jdks\openjdk-18.0.2\bin\instrument.dll
0x00007ffc95e00000 - 0x00007ffc95e25000 	C:\Users\Administrator\.jdks\openjdk-18.0.2\bin\java.dll
0x00007ffc950b0000 - 0x00007ffc950c8000 	C:\Users\Administrator\.jdks\openjdk-18.0.2\bin\zip.dll
0x00007ffc85a50000 - 0x00007ffc85b26000 	C:\Users\Administrator\.jdks\openjdk-18.0.2\bin\jsvml.dll
0x00007ffca3230000 - 0x00007ffca39c4000 	C:\Windows\SYSTEM32\windows.storage.dll
0x00007ffca5ec0000 - 0x00007ffca6214000 	C:\Windows\System32\combase.dll
0x00007ffca4bf0000 - 0x00007ffca4c20000 	C:\Windows\SYSTEM32\Wldp.dll
0x00007ffca6d70000 - 0x00007ffca6e1d000 	C:\Windows\System32\SHCORE.dll
0x00007ffca6e20000 - 0x00007ffca6e75000 	C:\Windows\System32\shlwapi.dll
0x00007ffca50d0000 - 0x00007ffca50ef000 	C:\Windows\SYSTEM32\profapi.dll
0x00007ffc9fc10000 - 0x00007ffc9fc1c000 	C:\Users\Administrator\.jdks\openjdk-18.0.2\bin\dt_socket.dll
0x00007ffca4950000 - 0x00007ffca49ba000 	C:\Windows\system32\mswsock.dll
0x00007ffc95fb0000 - 0x00007ffc95fc3000 	C:\Users\Administrator\.jdks\openjdk-18.0.2\bin\net.dll
0x00007ffc9d150000 - 0x00007ffc9d25a000 	C:\Windows\SYSTEM32\WINHTTP.dll
0x00007ffc95de0000 - 0x00007ffc95df6000 	C:\Users\Administrator\.jdks\openjdk-18.0.2\bin\nio.dll
0x00007ffc99650000 - 0x00007ffc99660000 	C:\Users\Administrator\.jdks\openjdk-18.0.2\bin\verify.dll

dbghelp: loaded successfully - version: 4.0.5 - missing functions: none
symbol engine: initialized successfully - sym options: 0x614 - pdb path: .;C:\Users\Administrator\.jdks\openjdk-18.0.2\bin;C:\Windows\SYSTEM32;C:\Windows\WinSxS\amd64_microsoft.windows.common-controls_6595b64144ccf1df_6.0.19041.1110_none_60b5254171f9507e;C:\Users\Administrator\.jdks\openjdk-18.0.2\bin\server

VM Arguments:
jvm_args: -agentlib:jdwp=transport=dt_socket,address=127.0.0.1:50892,suspend=y,server=n -javaagent:C:\Users\Administrator\AppData\Local\JetBrains\IdeaIC2022.2\captureAgent\debugger-agent.jar -Dfile.encoding=UTF-8 
java_command: com.nseit.RelationPost.RelationPostApplication
java_class_path (initial): D:\JFD\Day 12\RelationPost\target\classes;C:\Users\Administrator\.m2\repository\org\springframework\boot\spring-boot-starter-data-jpa\2.7.3\spring-boot-starter-data-jpa-2.7.3.jar;C:\Users\Administrator\.m2\repository\org\springframework\boot\spring-boot-starter-aop\2.7.3\spring-boot-starter-aop-2.7.3.jar;C:\Users\Administrator\.m2\repository\org\springframework\spring-aop\5.3.22\spring-aop-5.3.22.jar;C:\Users\Administrator\.m2\repository\org\aspectj\aspectjweaver\1.9.7\aspectjweaver-1.9.7.jar;C:\Users\Administrator\.m2\repository\org\springframework\boot\spring-boot-starter-jdbc\2.7.3\spring-boot-starter-jdbc-2.7.3.jar;C:\Users\Administrator\.m2\repository\com\zaxxer\HikariCP\4.0.3\HikariCP-4.0.3.jar;C:\Users\Administrator\.m2\repository\org\springframework\spring-jdbc\5.3.22\spring-jdbc-5.3.22.jar;C:\Users\Administrator\.m2\repository\jakarta\transaction\jakarta.transaction-api\1.3.3\jakarta.transaction-api-1.3.3.jar;C:\Users\Administrator\.m2\repository\jakarta\persistence\jakarta.persistence-api\2.2.3\jakarta.persistence-api-2.2.3.jar;C:\Users\Administrator\.m2\repository\org\hibernate\hibernate-core\5.6.10.Final\hibernate-core-5.6.10.Final.jar;C:\Users\Administrator\.m2\repository\org\jboss\logging\jboss-logging\3.4.3.Final\jboss-logging-3.4.3.Final.jar;C:\Users\Administrator\.m2\repository\net\bytebuddy\byte-buddy\1.12.13\byte-buddy-1.12.13.jar;C:\Users\Administrator\.m2\repository\antlr\antlr\2.7.7\antlr-2.7.7.jar;C:\Users\Administrator\.m2\repository\org\jboss\jandex\2.4.2.Final\jandex-2.4.2.Final.jar;C:\Users\Administrator\.m2\repository\com\fasterxml\classmate\1.5.1\classmate-1.5.1.jar;C:\Users\Administrator\.m2\repository\org\hibernate\common\hibernate-commons-annotations\5.1.2.Final\hibernate-commons-annotations-5.1.2.Final.jar;C:\Users\Administrator\.m2\repository\org\glassfish\jaxb\jaxb-runtime\2.3.6\jaxb-runtime-2.3.6.jar;C:\Users\Administrator\.m2\repository\org\glassfish\jaxb\txw2\2.3.6\txw2-2.3.6.jar;C:\Users\Administrator\.m2\repository\com\sun\istack\istack-commons-runtime\3.0.12\istack-commons-runtime-3.0.12.jar;C:\Users\Administrator\.m2\repository\com\sun\activation\jakarta.activation\1.2.2\jakarta.activation-1.2.2.jar;C:\Users\Administrator\.m2\repository\org\springframework\data\spring-data-jpa\2.7.2\spring-data-jpa-2.7.2.jar;C:\Users\Administrator\.m2\repository\org\springframework\data\spring-data-commons\2.7.2\spring-data-commons-2.7.2.jar;C:\Users\Administrator\.m2\repository\org\springframework\spring-orm\5.3.22\spring-orm-5.3.22.jar;C:\Users\Administrator\.m2\repository\org\springframework\spring-context\5.3.22\spring-context-5.3.22.jar;C:\Users\Administrator\.m2\repository\org\springframework\spring-tx\5.3.22\spring-tx-5.3.22.jar;C:\Users\Administrator\.m2\repository\org\springframework\spring-beans\5.3.22\spring-beans-5.3.22.jar;C:\Users\Administrator\.m2\repository\org\slf4j\slf4j-api\1.7.36\slf4j-api-1.7.36.jar;C:\Users\Administrator\.m2\repository\org\springframework\spring-aspects\5.3.22\spring-aspects-5.3.22.jar;C:\Users\Administrator\.m2\repository\org\springframework\boot\spring-boot-starter-web\2.7.3\spring-boot-starter-web-2.7.3.jar;C:\Users\Administrator\.m2\repository\org\springframework\boot\spring-boot-starter\2.7.3\spring-boot-starter-2.7.3.jar;C:\Users\Administrator\.m2\repository\org\springframework\boot\spring-boot\2.7.3\spring-boot-2.7.3.jar;C:\Users\Administrator\.m2\repository\org\springframework\boot\spring-boot-autoconfigure\2.7.3\spring-boot-autoconfigure-2.7.3.jar;C:\Users\Administrator\.m2\repository\org\springframework\boot\spring-boot-starter-logging\2.7.3\spring-boot-starter-logging-2.7.3.jar;C:\Users\Administrator\.m2\repository\ch\qos\logback\logback-classic\1.2.11\logback-classic-1.2.11.jar;C:\Users\Administrator\.m2\repository\ch\qos\logback\logback-core\1.2.11\logback-core-1.2.11.jar;C:\Users\Administrator\.m2\repository\org\apache\logging\log4j\log4j-to-slf4j\2.17.2\log4j-to-slf4j-2.17.2.jar;C:\Users\Administrator\.m2\repository\org\apache\logging\log4j\log4j-api\2.17.2\log4j-api-2.17.2.jar;C:\Users\Administrator\.m2\repository\org\slf4j\jul-to-slf4j\1.7.36\jul-to-slf4j-1.7.36.jar;C:\Users\Administrator\.m2\repository\jakarta\annotation\jakarta.annotation-api\1.3.5\jakarta.annotation-api-1.3.5.jar;C:\Users\Administrator\.m2\repository\org\yaml\snakeyaml\1.30\snakeyaml-1.30.jar;C:\Users\Administrator\.m2\repository\org\springframework\boot\spring-boot-starter-json\2.7.3\spring-boot-starter-json-2.7.3.jar;C:\Users\Administrator\.m2\repository\com\fasterxml\jackson\core\jackson-databind\2.13.3\jackson-databind-2.13.3.jar;C:\Users\Administrator\.m2\repository\com\fasterxml\jackson\core\jackson-annotations\2.13.3\jackson-annotations-2.13.3.jar;C:\Users\Administrator\.m2\repository\com\fasterxml\jackson\core\jackson-core\2.13.3\jackson-core-2.13.3.jar;C:\Users\Administrator\.m2\repository\com\fasterxml\jackson\datatype\jackson-datatype-jdk8\2.13.3\jackson-datatype-jdk8-2.13.3.jar;C:\Users\Administrator\.m2\repository\com\fasterxml\jackson\datatype\jackson-datatype-jsr310\2.13.3\jackson-datatype-jsr310-2.13.3.jar;C:\Users\Administrator\.m2\repository\com\fasterxml\jackson\module\jackson-module-parameter-names\2.13.3\jackson-module-parameter-names-2.13.3.jar;C:\Users\Administrator\.m2\repository\org\springframework\boot\spring-boot-starter-tomcat\2.7.3\spring-boot-starter-tomcat-2.7.3.jar;C:\Users\Administrator\.m2\repository\org\apache\tomcat\embed\tomcat-embed-core\9.0.65\tomcat-embed-core-9.0.65.jar;C:\Users\Administrator\.m2\repository\org\apache\tomcat\embed\tomcat-embed-el\9.0.65\tomcat-embed-el-9.0.65.jar;C:\Users\Administrator\.m2\repository\org\apache\tomcat\embed\tomcat-embed-websocket\9.0.65\tomcat-embed-websocket-9.0.65.jar;C:\Users\Administrator\.m2\repository\org\springframework\spring-web\5.3.22\spring-web-5.3.22.jar;C:\Users\Administrator\.m2\repository\org\springframework\spring-webmvc\5.3.22\spring-webmvc-5.3.22.jar;C:\Users\Administrator\.m2\repository\org\springframework\spring-expression\5.3.22\spring-expression-5.3.22.jar;C:\Users\Administrator\.m2\repository\com\h2database\h2\2.1.214\h2-2.1.214.jar;C:\Users\Administrator\.m2\repository\org\projectlombok\lombok\1.18.24\lombok-1.18.24.jar;C:\Users\Administrator\.m2\repository\jakarta\xml\bind\jakarta.xml.bind-api\2.3.3\jakarta.xml.bind-api-2.3.3.jar;C:\Users\Administrator\.m2\repository\jakarta\activation\jakarta.activation-api\1.2.2\jakarta.activation-api-1.2.2.jar;C:\Users\Administrator\.m2\repository\org\springframework\spring-core\5.3.22\spring-core-5.3.22.jar;C:\Users\Administrator\.m2\repository\org\springframework\spring-jcl\5.3.22\spring-jcl-5.3.22.jar;C:\Program Files\JetBrains\IntelliJ IDEA Community Edition 2022.2\lib\idea_rt.jar
Launcher Type: SUN_STANDARD

[Global flags]
     intx CICompilerCount                          = 4                                         {product} {ergonomic}
     uint ConcGCThreads                            = 2                                         {product} {ergonomic}
     uint G1ConcRefinementThreads                  = 8                                         {product} {ergonomic}
   size_t G1HeapRegionSize                         = 2097152                                   {product} {ergonomic}
    uintx GCDrainStackTargetSize                   = 64                                        {product} {ergonomic}
   size_t InitialHeapSize                          = 264241152                                 {product} {ergonomic}
   size_t MarkStackSize                            = 4194304                                   {product} {ergonomic}
   size_t MaxHeapSize                              = 4227858432                                {product} {ergonomic}
   size_t MaxNewSize                               = 2535456768                                {product} {ergonomic}
   size_t MinHeapDeltaBytes                        = 2097152                                   {product} {ergonomic}
   size_t MinHeapSize                              = 8388608                                   {product} {ergonomic}
    uintx NonNMethodCodeHeapSize                   = 5839372                                {pd product} {ergonomic}
    uintx NonProfiledCodeHeapSize                  = 122909434                              {pd product} {ergonomic}
    uintx ProfiledCodeHeapSize                     = 122909434                              {pd product} {ergonomic}
    uintx ReservedCodeCacheSize                    = 251658240                              {pd product} {ergonomic}
     bool SegmentedCodeCache                       = true                                      {product} {ergonomic}
   size_t SoftMaxHeapSize                          = 4227858432                             {manageable} {ergonomic}
     bool UseCompressedClassPointers               = true                           {product lp64_product} {ergonomic}
     bool UseCompressedOops                        = true                           {product lp64_product} {ergonomic}
     bool UseG1GC                                  = true                                      {product} {ergonomic}
     bool UseLargePagesIndividualAllocation        = false                                  {pd product} {ergonomic}

Logging:
Log output configuration:
 #0: stdout all=warning uptime,level,tags foldmultilines=false
 #1: stderr all=off uptime,level,tags foldmultilines=false

Environment Variables:
PATH=C:\Program Files (x86)\Common Files\Oracle\Java\javapath;C:\Windows\system32;C:\Windows;C:\Windows\System32\Wbem;C:\Windows\System32\WindowsPowerShell\v1.0\;C:\Windows\System32\OpenSSH\;C:\Program Files\Git\cmd;C:\Users\Administrator\AppData\Local\Microsoft\WindowsApps;
USERNAME=Administrator
OS=Windows_NT
PROCESSOR_IDENTIFIER=Intel64 Family 6 Model 140 Stepping 1, GenuineIntel



---------------  S Y S T E M  ---------------

OS:
 Windows 10 , 64 bit Build 19041 (10.0.19041.1889)
OS uptime: 4 days 0:54 hours

CPU: total 8 (initial active 8) (4 cores per cpu, 2 threads per core) family 6 model 140 stepping 1 microcode 0xa4, cx8, cmov, fxsr, ht, mmx, 3dnowpref, sse, sse2, sse3, ssse3, sse4.1, sse4.2, popcnt, lzcnt, tsc, tscinvbit, avx, avx2, aes, erms, clmul, bmi1, bmi2, adx, avx512f, avx512dq, avx512cd, avx512bw, avx512vl, sha, fma, vzeroupper, avx512_vpopcntdq, avx512_vpclmulqdq, avx512_vaes, avx512_vnni, clflush, clflushopt, clwb, avx512_vbmi2, avx512_vbmi

Memory: 4k page, system-wide physical 16126M (259M free)
TotalPageFile size 40545M (AvailPageFile size 0M)
current process WorkingSet (physical memory assigned to process): 64M, peak: 64M
current process commit charge ("private bytes"): 352M, peak: 352M

vm_info: OpenJDK 64-Bit Server VM (18.0.2+9-61) for windows-amd64 JRE (18.0.2+9-61), built on Jun  7 2022 13:05:59 by "mach5one" with MS VC++ 16.8 / 16.9 (VS2019)

END.
